[0806/151325.906:ERROR:process_reader_win.cc(242)] ReadMemory at 0x7ff6b5d40000 of 64 bytes failed: Only part of a ReadProcessMemory or WriteProcessMemory request was completed. (0x12B)
[0806/151325.910:WARNING:pe_image_reader.cc(302)] could not read dos header from C:\Program Files (x86)\Google\Chrome\Application\chrome.exe
[0806/151325.910:ERROR:process_reader_win.cc(242)] ReadMemory at 0x7ffc2e150000 of 64 bytes failed: Only part of a ReadProcessMemory or WriteProcessMemory request was completed. (0x12B)
[0806/151325.910:WARNING:pe_image_reader.cc(302)] could not read dos header from C:\WINDOWS\SYSTEM32\ntdll.dll
[0806/151325.910:ERROR:process_reader_win.cc(242)] ReadMemory at 0x7ffc2deb0000 of 64 bytes failed: Only part of a ReadProcessMemory or WriteProcessMemory request was completed. (0x12B)
[0806/151325.910:WARNING:pe_image_reader.cc(302)] could not read dos header from C:\WINDOWS\System32\KERNEL32.DLL
[0806/151325.910:ERROR:process_reader_win.cc(242)] ReadMemory at 0x7ffc2b210000 of 64 bytes failed: Only part of a ReadProcessMemory or WriteProcessMemory request was completed. (0x12B)
[0806/151325.911:WARNING:pe_image_reader.cc(302)] could not read dos header from C:\WINDOWS\System32\KERNELBASE.dll
[0806/151325.911:ERROR:process_reader_win.cc(242)] ReadMemory at 0x7ffc28950000 of 64 bytes failed: Only part of a ReadProcessMemory or WriteProcessMemory request was completed. (0x12B)
[0806/151325.911:WARNING:pe_image_reader.cc(302)] could not read dos header from C:\WINDOWS\SYSTEM32\apphelp.dll
[0806/151325.911:ERROR:process_reader_win.cc(242)] ReadMemory at 0x7ffc2c8d0000 of 64 bytes failed: Only part of a ReadProcessMemory or WriteProcessMemory request was completed. (0x12B)
[0806/151325.911:WARNING:pe_image_reader.cc(302)] could not read dos header from C:\WINDOWS\System32\SHELL32.dll
[0806/151325.911:ERROR:process_reader_win.cc(242)] ReadMemory at 0x7ffc2bac0000 of 64 bytes failed: Only part of a ReadProcessMemory or WriteProcessMemory request was completed. (0x12B)
[0806/151325.911:WARNING:pe_image_reader.cc(302)] could not read dos header from C:\WINDOWS\System32\msvcrt.dll
[0806/151325.911:ERROR:process_reader_win.cc(242)] ReadMemory at 0x7ffc2b5d0000 of 64 bytes failed: Only part of a ReadProcessMemory or WriteProcessMemory request was completed. (0x12B)
[0806/151325.911:WARNING:pe_image_reader.cc(302)] could not read dos header from C:\WINDOWS\System32\cfgmgr32.dll
[0806/151325.911:ERROR:process_reader_win.cc(242)] ReadMemory at 0x7ffc2a7f0000 of 64 bytes failed: Only part of a ReadProcessMemory or WriteProcessMemory request was completed. (0x12B)
[0806/151325.911:WARNING:pe_image_reader.cc(302)] could not read dos header from C:\WINDOWS\System32\ucrtbase.dll
[0806/151325.911:ERROR:process_reader_win.cc(242)] ReadMemory at 0x7ffc2bbd0000 of 64 bytes failed: Only part of a ReadProcessMemory or WriteProcessMemory request was completed. (0x12B)
[0806/151325.912:WARNING:pe_image_reader.cc(302)] could not read dos header from C:\WINDOWS\System32\shcore.dll
[0806/151325.912:ERROR:process_reader_win.cc(242)] ReadMemory at 0x7ffc2be10000 of 64 bytes failed: Only part of a ReadProcessMemory or WriteProcessMemory request was completed. (0x12B)
[0806/151325.912:WARNING:pe_image_reader.cc(302)] could not read dos header from C:\WINDOWS\System32\RPCRT4.dll
[0806/151325.912:ERROR:process_reader_win.cc(242)] ReadMemory at 0x7ffc2c060000 of 64 bytes failed: Only part of a ReadProcessMemory or WriteProcessMemory request was completed. (0x12B)
[0806/151325.912:WARNING:pe_image_reader.cc(302)] could not read dos header from C:\WINDOWS\System32\combase.dll
[0806/151325.912:ERROR:process_reader_win.cc(242)] ReadMemory at 0x7ffc2a770000 of 64 bytes failed: Only part of a ReadProcessMemory or WriteProcessMemory request was completed. (0x12B)
[0806/151325.912:WARNING:pe_image_reader.cc(302)] could not read dos header from C:\WINDOWS\System32\bcryptPrimitives.dll
[0806/151325.912:ERROR:process_reader_win.cc(242)] ReadMemory at 0x7ffc2aac0000 of 64 bytes failed: Only part of a ReadProcessMemory or WriteProcessMemory request was completed. (0x12B)
[0806/151325.912:WARNING:pe_image_reader.cc(302)] could not read dos header from C:\WINDOWS\System32\windows.storage.dll
[0806/151325.912:ERROR:process_reader_win.cc(242)] ReadMemory at 0x7ffc2bc80000 of 64 bytes failed: Only part of a ReadProcessMemory or WriteProcessMemory request was completed. (0x12B)
[0806/151325.912:WARNING:pe_image_reader.cc(302)] could not read dos header from C:\WINDOWS\System32\advapi32.dll
[0806/151325.912:ERROR:process_reader_win.cc(242)] ReadMemory at 0x7ffc2ba60000 of 64 bytes failed: Only part of a ReadProcessMemory or WriteProcessMemory request was completed. (0x12B)
[0806/151325.912:WARNING:pe_image_reader.cc(302)] could not read dos header from C:\WINDOWS\System32\sechost.dll
[0806/151325.913:ERROR:process_reader_win.cc(242)] ReadMemory at 0x7ffc2bb70000 of 64 bytes failed: Only part of a ReadProcessMemory or WriteProcessMemory request was completed. (0x12B)
[0806/151325.913:WARNING:pe_image_reader.cc(302)] could not read dos header from C:\WINDOWS\System32\shlwapi.dll
[0806/151325.913:ERROR:process_reader_win.cc(242)] ReadMemory at 0x7ffc2bf30000 of 64 bytes failed: Only part of a ReadProcessMemory or WriteProcessMemory request was completed. (0x12B)
[0806/151325.913:WARNING:pe_image_reader.cc(302)] could not read dos header from C:\WINDOWS\System32\GDI32.dll
[0806/151325.913:ERROR:process_reader_win.cc(242)] ReadMemory at 0x7ffc2a570000 of 64 bytes failed: Only part of a ReadProcessMemory or WriteProcessMemory request was completed. (0x12B)
[0806/151325.913:WARNING:pe_image_reader.cc(302)] could not read dos header from C:\WINDOWS\System32\gdi32full.dll
[0806/151325.913:ERROR:process_reader_win.cc(242)] ReadMemory at 0x7ffc2b480000 of 64 bytes failed: Only part of a ReadProcessMemory or WriteProcessMemory request was completed. (0x12B)
[0806/151325.913:WARNING:pe_image_reader.cc(302)] could not read dos header from C:\WINDOWS\System32\msvcp_win.dll
[0806/151325.913:ERROR:process_reader_win.cc(242)] ReadMemory at 0x7ffc2b7b0000 of 64 bytes failed: Only part of a ReadProcessMemory or WriteProcessMemory request was completed. (0x12B)
[0806/151325.913:WARNING:pe_image_reader.cc(302)] could not read dos header from C:\WINDOWS\System32\USER32.dll
[0806/151325.913:ERROR:process_reader_win.cc(242)] ReadMemory at 0x7ffc2a550000 of 64 bytes failed: Only part of a ReadProcessMemory or WriteProcessMemory request was completed. (0x12B)
[0806/151325.913:WARNING:pe_image_reader.cc(302)] could not read dos header from C:\WINDOWS\System32\win32u.dll
[0806/151325.913:ERROR:process_reader_win.cc(242)] ReadMemory at 0x7ffc2a4c0000 of 64 bytes failed: Only part of a ReadProcessMemory or WriteProcessMemory request was completed. (0x12B)
[0806/151325.913:WARNING:pe_image_reader.cc(302)] could not read dos header from C:\WINDOWS\System32\kernel.appcore.dll
[0806/151325.914:ERROR:process_reader_win.cc(242)] ReadMemory at 0x7ffc2a500000 of 64 bytes failed: Only part of a ReadProcessMemory or WriteProcessMemory request was completed. (0x12B)
[0806/151325.914:WARNING:pe_image_reader.cc(302)] could not read dos header from C:\WINDOWS\System32\powrprof.dll
[0806/151325.914:ERROR:process_reader_win.cc(242)] ReadMemory at 0x7ffc2a4e0000 of 64 bytes failed: Only part of a ReadProcessMemory or WriteProcessMemory request was completed. (0x12B)
[0806/151325.914:WARNING:pe_image_reader.cc(302)] could not read dos header from C:\WINDOWS\System32\profapi.dll
[0806/151325.914:ERROR:process_reader_win.cc(242)] ReadMemory at 0x214bc1c0000 of 64 bytes failed: Only part of a ReadProcessMemory or WriteProcessMemory request was completed. (0x12B)
[0806/151325.914:WARNING:pe_image_reader.cc(302)] could not read dos header from C:\WINDOWS\System32\PSAPI.DLL
[0806/151325.914:ERROR:process_reader_win.cc(242)] ReadMemory at 0x7ffc0ddf0000 of 64 bytes failed: Only part of a ReadProcessMemory or WriteProcessMemory request was completed. (0x12B)
[0806/151325.914:WARNING:pe_image_reader.cc(302)] could not read dos header from C:\Program Files (x86)\Google\Chrome\Application\68.0.3440.84\chrome_elf.dll
[0806/151325.914:ERROR:process_reader_win.cc(242)] ReadMemory at 0x7ffc1f550000 of 64 bytes failed: Only part of a ReadProcessMemory or WriteProcessMemory request was completed. (0x12B)
[0806/151325.914:WARNING:pe_image_reader.cc(302)] could not read dos header from C:\WINDOWS\SYSTEM32\VERSION.dll
[0806/151325.914:ERROR:process_reader_win.cc(242)] ReadMemory at 0x7ffc27200000 of 64 bytes failed: Only part of a ReadProcessMemory or WriteProcessMemory request was completed. (0x12B)
[0806/151325.915:WARNING:pe_image_reader.cc(302)] could not read dos header from C:\WINDOWS\SYSTEM32\WINMM.dll
[0806/151325.916:ERROR:process_reader_win.cc(242)] ReadMemory at 0x7ffc2a3a0000 of 64 bytes failed: Only part of a ReadProcessMemory or WriteProcessMemory request was completed. (0x12B)
[0806/151325.916:WARNING:pe_image_reader.cc(302)] could not read dos header from C:\WINDOWS\SYSTEM32\USERENV.dll
[0806/151325.916:ERROR:process_reader_win.cc(242)] ReadMemory at 0x7ffc26a70000 of 64 bytes failed: Only part of a ReadProcessMemory or WriteProcessMemory request was completed. (0x12B)
[0806/151325.917:WARNING:pe_image_reader.cc(302)] could not read dos header from C:\WINDOWS\SYSTEM32\WINHTTP.dll
[0806/151325.917:ERROR:process_reader_win.cc(242)] ReadMemory at 0x7ffc271a0000 of 64 bytes failed: Only part of a ReadProcessMemory or WriteProcessMemory request was completed. (0x12B)
[0806/151325.917:WARNING:pe_image_reader.cc(302)] could not read dos header from C:\WINDOWS\SYSTEM32\WINMMBASE.dll
[0806/151325.917:ERROR:process_reader_win.cc(242)] ReadMemory at 0x7ffc29f10000 of 64 bytes failed: Only part of a ReadProcessMemory or WriteProcessMemory request was completed. (0x12B)
[0806/151325.917:WARNING:pe_image_reader.cc(302)] could not read dos header from C:\WINDOWS\SYSTEM32\CRYPTBASE.DLL
[0806/151325.917:ERROR:process_reader_win.cc(242)] ReadMemory at 0x7ffc2c030000 of 64 bytes failed: Only part of a ReadProcessMemory or WriteProcessMemory request was completed. (0x12B)
[0806/151325.917:WARNING:pe_image_reader.cc(302)] could not read dos header from C:\WINDOWS\System32\IMM32.DLL
[0806/151325.917:ERROR:process_reader_win.cc(242)] ReadMemory at 0x7ffc0c240000 of 64 bytes failed: Only part of a ReadProcessMemory or WriteProcessMemory request was completed. (0x12B)
[0806/151325.917:WARNING:pe_image_reader.cc(302)] could not read dos header from C:\Program Files\McAfee\Host Intrusion Prevention\HcApi.dll
[0806/151325.917:ERROR:process_reader_win.cc(242)] ReadMemory at 0x7ffc2a710000 of 64 bytes failed: Only part of a ReadProcessMemory or WriteProcessMemory request was completed. (0x12B)
[0806/151325.917:WARNING:pe_image_reader.cc(302)] could not read dos header from C:\WINDOWS\System32\WINTRUST.dll
[0806/151325.917:ERROR:process_reader_win.cc(242)] ReadMemory at 0x7ffc2a4a0000 of 64 bytes failed: Only part of a ReadProcessMemory or WriteProcessMemory request was completed. (0x12B)
[0806/151325.918:WARNING:pe_image_reader.cc(302)] could not read dos header from C:\WINDOWS\System32\MSASN1.dll
[0806/151325.918:ERROR:process_reader_win.cc(242)] ReadMemory at 0x7ffc2a8f0000 of 64 bytes failed: Only part of a ReadProcessMemory or WriteProcessMemory request was completed. (0x12B)
[0806/151325.918:WARNING:pe_image_reader.cc(302)] could not read dos header from C:\WINDOWS\System32\CRYPT32.dll
[0806/151325.918:ERROR:process_reader_win.cc(242)] ReadMemory at 0x547e0000 of 64 bytes failed: Only part of a ReadProcessMemory or WriteProcessMemory request was completed. (0x12B)
[0806/151325.918:WARNING:pe_image_reader.cc(302)] could not read dos header from C:\Program Files\McAfee\Host Intrusion Prevention\HcThe.dll
[0806/151325.918:ERROR:process_reader_win.cc(242)] ReadMemory at 0x7ffbe1fb0000 of 64 bytes failed: Only part of a ReadProcessMemory or WriteProcessMemory request was completed. (0x12B)
[0806/151325.918:WARNING:pe_image_reader.cc(302)] could not read dos header from C:\Program Files (x86)\Google\Chrome\Application\68.0.3440.84\chrome_child.dll
[0806/151325.918:ERROR:process_reader_win.cc(242)] ReadMemory at 0x7ffc2dfd0000 of 64 bytes failed: Only part of a ReadProcessMemory or WriteProcessMemory request was completed. (0x12B)
[0806/151325.918:WARNING:pe_image_reader.cc(302)] could not read dos header from C:\WINDOWS\System32\ole32.dll
[0806/151325.918:ERROR:process_reader_win.cc(242)] ReadMemory at 0x214bc4e0000 of 64 bytes failed: Only part of a ReadProcessMemory or WriteProcessMemory request was completed. (0x12B)
[0806/151325.918:WARNING:pe_image_reader.cc(302)] could not read dos header from C:\WINDOWS\System32\WS2_32.dll
[0806/151325.918:ERROR:process_reader_win.cc(242)] ReadMemory at 0x214bc550000 of 64 bytes failed: Only part of a ReadProcessMemory or WriteProcessMemory request was completed. (0x12B)
[0806/151325.918:WARNING:pe_image_reader.cc(302)] could not read dos header from C:\WINDOWS\System32\OLEAUT32.dll
[0806/151325.918:ERROR:process_reader_win.cc(242)] ReadMemory at 0x7ffc2b950000 of 64 bytes failed: Only part of a ReadProcessMemory or WriteProcessMemory request was completed. (0x12B)
[0806/151325.918:WARNING:pe_image_reader.cc(302)] could not read dos header from C:\WINDOWS\System32\COMDLG32.dll
[0806/151325.919:ERROR:process_reader_win.cc(242)] ReadMemory at 0x7ffc1e740000 of 64 bytes failed: Only part of a ReadProcessMemory or WriteProcessMemory request was completed. (0x12B)
[0806/151325.919:WARNING:pe_image_reader.cc(302)] could not read dos header from C:\WINDOWS\SYSTEM32\msdmo.dll
[0806/151325.919:ERROR:process_reader_win.cc(242)] ReadMemory at 0x7ffc17e80000 of 64 bytes failed: Only part of a ReadProcessMemory or WriteProcessMemory request was completed. (0x12B)
[0806/151325.919:WARNING:pe_image_reader.cc(302)] could not read dos header from C:\WINDOWS\WinSxS\amd64_microsoft.windows.common-controls_6595b64144ccf1df_6.0.16299.547_none_15cdd76c936033f5\COMCTL32.dll
[0806/151325.919:ERROR:process_reader_win.cc(242)] ReadMemory at 0x7ffc29ac0000 of 64 bytes failed: Only part of a ReadProcessMemory or WriteProcessMemory request was completed. (0x12B)
[0806/151325.919:WARNING:pe_image_reader.cc(302)] could not read dos header from C:\WINDOWS\SYSTEM32\IPHLPAPI.DLL
[0806/151325.919:ERROR:process_reader_win.cc(242)] ReadMemory at 0x7ffc1ce00000 of 64 bytes failed: Only part of a ReadProcessMemory or WriteProcessMemory request was completed. (0x12B)
[0806/151325.919:WARNING:pe_image_reader.cc(302)] could not read dos header from C:\WINDOWS\SYSTEM32\DWrite.dll
[0806/151325.919:ERROR:process_reader_win.cc(242)] ReadMemory at 0x7ffc0d840000 of 64 bytes failed: Only part of a ReadProcessMemory or WriteProcessMemory request was completed. (0x12B)
[0806/151325.919:WARNING:pe_image_reader.cc(302)] could not read dos header from C:\WINDOWS\SYSTEM32\WINSPOOL.DRV
[0806/151325.919:ERROR:process_reader_win.cc(242)] ReadMemory at 0x7ffc119b0000 of 64 bytes failed: Only part of a ReadProcessMemory or WriteProcessMemory request was completed. (0x12B)
[0806/151325.919:WARNING:pe_image_reader.cc(302)] could not read dos header from C:\WINDOWS\SYSTEM32\dbghelp.dll
[0806/151325.919:ERROR:process_reader_win.cc(242)] ReadMemory at 0x7ffc288b0000 of 64 bytes failed: Only part of a ReadProcessMemory or WriteProcessMemory request was completed. (0x12B)
[0806/151325.919:WARNING:pe_image_reader.cc(302)] could not read dos header from C:\WINDOWS\SYSTEM32\USP10.dll
[0806/151325.920:ERROR:process_reader_win.cc(242)] ReadMemory at 0x7ffc29400000 of 64 bytes failed: Only part of a ReadProcessMemory or WriteProcessMemory request was completed. (0x12B)
[0806/151325.920:WARNING:pe_image_reader.cc(302)] could not read dos header from C:\WINDOWS\SYSTEM32\dxgi.dll
[0806/151325.920:ERROR:process_reader_win.cc(242)] ReadMemory at 0x7ffc1fb00000 of 64 bytes failed: Only part of a ReadProcessMemory or WriteProcessMemory request was completed. (0x12B)
[0806/151325.920:WARNING:pe_image_reader.cc(302)] could not read dos header from C:\WINDOWS\SYSTEM32\urlmon.dll
[0806/151325.920:ERROR:process_reader_win.cc(242)] ReadMemory at 0x7ffc2b620000 of 64 bytes failed: Only part of a ReadProcessMemory or WriteProcessMemory request was completed. (0x12B)
[0806/151325.920:WARNING:pe_image_reader.cc(302)] could not read dos header from C:\WINDOWS\System32\imagehlp.dll
[0806/151325.920:ERROR:process_reader_win.cc(242)] ReadMemory at 0x7ffc1ac90000 of 64 bytes failed: Only part of a ReadProcessMemory or WriteProcessMemory request was completed. (0x12B)
[0806/151325.920:WARNING:pe_image_reader.cc(302)] could not read dos header from C:\WINDOWS\SYSTEM32\Secur32.dll
[0806/151325.920:ERROR:process_reader_win.cc(242)] ReadMemory at 0x7ffc26280000 of 64 bytes failed: Only part of a ReadProcessMemory or WriteProcessMemory request was completed. (0x12B)
[0806/151325.920:WARNING:pe_image_reader.cc(302)] could not read dos header from C:\WINDOWS\SYSTEM32\dhcpcsvc.DLL
[0806/151325.920:ERROR:process_reader_win.cc(242)] ReadMemory at 0x7ffc2c370000 of 64 bytes failed: Only part of a ReadProcessMemory or WriteProcessMemory request was completed. (0x12B)
[0806/151325.920:WARNING:pe_image_reader.cc(302)] could not read dos header from C:\WINDOWS\System32\NSI.dll
[0806/151325.920:ERROR:process_reader_win.cc(242)] ReadMemory at 0x7ffc2a000000 of 64 bytes failed: Only part of a ReadProcessMemory or WriteProcessMemory request was completed. (0x12B)
[0806/151325.920:WARNING:pe_image_reader.cc(302)] could not read dos header from C:\WINDOWS\SYSTEM32\bcrypt.dll
[0806/151325.920:ERROR:process_reader_win.cc(242)] ReadMemory at 0x7ffc1f810000 of 64 bytes failed: Only part of a ReadProcessMemory or WriteProcessMemory request was completed. (0x12B)
[0806/151325.921:WARNING:pe_image_reader.cc(302)] could not read dos header from C:\WINDOWS\SYSTEM32\iertutil.dll
[0806/151325.921:ERROR:process_reader_win.cc(242)] ReadMemory at 0x7ffc2a3d0000 of 64 bytes failed: Only part of a ReadProcessMemory or WriteProcessMemory request was completed. (0x12B)
[0806/151325.921:WARNING:pe_image_reader.cc(302)] could not read dos header from C:\WINDOWS\SYSTEM32\SSPICLI.DLL
[0806/151325.987:ERROR:process_reader_win.cc(242)] ReadMemory at 0x31729ee000 of 73728 bytes failed: Only part of a ReadProcessMemory or WriteProcessMemory request was completed. (0x12B)
[0806/151325.987:ERROR:crash_report_exception_handler.cc(111)] WriteEverything failed
[0806/151325.999:ERROR:filesystem_win.cc(148)] DeleteFile C:\Users\DA063101\AppData\Local\Temp\scoped_dir29496_9741\Crashpad\reports\95a2e9c6-8b24-49ab-8530-1030059d35d3.dmp: The process cannot access the file because it is being used by another process. (0x20)
[0806/151326.000:ERROR:scoped_process_suspend.cc(40)] NtResumeProcess: An attempt was made to access an exiting process. (0xc000010a)
[0806/151816.182:ERROR:process_reader_win.cc(151)] SuspendThread: Access is denied. (0x5)
[0806/151816.188:ERROR:exception_snapshot_win.cc(88)] thread ID 27760 not found in process
[0806/151816.188:ERROR:scoped_process_suspend.cc(40)] NtResumeProcess: An attempt was made to access an exiting process. (0xc000010a)
[0807/211923.002:ERROR:process_reader_win.cc(123)] NtOpenThread: {Access Denied} A process has requested access to an object, but has not been granted those access rights. (0xc0000022)
[0807/211923.009:ERROR:exception_snapshot_win.cc(88)] thread ID 30984 not found in process
